
=== Fri Jul  5 14:39:52 2019

Packages were changed.
Update Mode: updateDependencies

The following packages were added:
  com.unity.collab-proxy@1.2.15
The following packages were updated:
  com.unity.analytics from version 2.0.16 to 3.2.2
  com.unity.package-manager-ui from version 1.9.9 to 2.0.7
  com.unity.purchasing from version 2.0.1 to 2.0.3
  com.unity.textmeshpro from version 1.2.1 to 1.3.0

=== Mon Aug  3 10:16:13 2020

Packages were changed.
Update Mode: updateDependencies

The following packages were added:
  com.unity.2d.sprite@1.0.0
  com.unity.2d.tilemap@1.0.0
  com.unity.ide.rider@1.1.4
  com.unity.ide.vscode@1.1.4
  com.unity.modules.androidjni@1.0.0
  com.unity.multiplayer-hlapi@1.0.4
  com.unity.test-framework@1.1.11
  com.unity.timeline@1.2.6
  com.unity.ugui@1.0.0
  com.unity.xr.legacyinputhelpers@1.3.11
The following packages were updated:
  com.unity.analytics from version 3.2.2 to 3.3.5
  com.unity.collab-proxy from version 1.2.15 to 1.2.16
  com.unity.purchasing from version 2.0.3 to 2.0.6
  com.unity.textmeshpro from version 1.3.0 to 2.0.1
  com.unity.xr.openvr.standalone from version 1.0.5 to 2.0.5
The following packages were removed:
  com.unity.package-manager-ui@2.0.7

=== Wed Sep 16 09:25:07 2020

Packages were changed.
Update Mode: mergeDefaultDependencies

The following packages were added:
  com.unity.package-manager-ui@2.0.8
  com.unity.postprocessing@2.2.1

=== Thu Jan 14 16:22:01 2021

Packages were changed.
Update Mode: updateDependencies

The following packages were updated:
  com.unity.ads from version 2.0.8 to 3.4.9
  com.unity.ide.vscode from version 1.1.4 to 1.2.2
  com.unity.multiplayer-hlapi from version 1.0.4 to 1.0.6
  com.unity.postprocessing from version 2.2.1 to 2.2.2
  com.unity.purchasing from version 2.0.6 to 2.1.1
  com.unity.test-framework from version 1.1.11 to 1.1.18
  com.unity.xr.management from version 3.2.13 to 3.2.16
  com.unity.xr.oculus from version 1.2.0 to 1.5.0
